{"level":"info","message":"Default Database connection established successfully.","timestamp":"2025-05-09T20:27:02.087Z"}
{"level":"info","message":"Server running on port 4003","timestamp":"2025-05-09T20:27:02.109Z"}
{"level":"error","name":"SequelizeDatabaseError","original":{"code":"ER_BAD_FIELD_ERROR","errno":1054,"sql":"SELECT `id`, `title`, `description`, `due_date`, `status`, `created_by`, `created_at` AS `createdAt`, `updated_at` AS `updatedAt`, `task_id` FROM `tasks` AS `Task` WHERE (`Task`.`created_by` = 1);","sqlMessage":"Unknown column 'task_id' in 'field list'","sqlState":"42S22"},"parameters":{},"parent":{"code":"ER_BAD_FIELD_ERROR","errno":1054,"sql":"SELECT `id`, `title`, `description`, `due_date`, `status`, `created_by`, `created_at` AS `createdAt`, `updated_at` AS `updatedAt`, `task_id` FROM `tasks` AS `Task` WHERE (`Task`.`created_by` = 1);","sqlMessage":"Unknown column 'task_id' in 'field list'","sqlState":"42S22"},"sql":"SELECT `id`, `title`, `description`, `due_date`, `status`, `created_by`, `created_at` AS `createdAt`, `updated_at` AS `updatedAt`, `task_id` FROM `tasks` AS `Task` WHERE (`Task`.`created_by` = 1);","timestamp":"2025-05-09T20:27:08.417Z"}
{"level":"info","message":"Default Database connection established successfully.","timestamp":"2025-05-09T20:27:26.412Z"}
{"level":"info","message":"Server running on port 4003","timestamp":"2025-05-09T20:27:26.433Z"}
{"level":"error","name":"SequelizeDatabaseError","original":{"code":"ER_BAD_FIELD_ERROR","errno":1054,"sql":"SELECT `id`, `title`, `description`, `due_date`, `status`, `created_by`, `created_at` AS `createdAt`, `updated_at` AS `updatedAt`, `task_id` FROM `tasks` AS `Task`;","sqlMessage":"Unknown column 'task_id' in 'field list'","sqlState":"42S22"},"parameters":{},"parent":{"code":"ER_BAD_FIELD_ERROR","errno":1054,"sql":"SELECT `id`, `title`, `description`, `due_date`, `status`, `created_by`, `created_at` AS `createdAt`, `updated_at` AS `updatedAt`, `task_id` FROM `tasks` AS `Task`;","sqlMessage":"Unknown column 'task_id' in 'field list'","sqlState":"42S22"},"sql":"SELECT `id`, `title`, `description`, `due_date`, `status`, `created_by`, `created_at` AS `createdAt`, `updated_at` AS `updatedAt`, `task_id` FROM `tasks` AS `Task`;","timestamp":"2025-05-09T20:27:31.644Z"}
{"level":"info","message":"Default Database connection established successfully.","timestamp":"2025-05-09T20:27:35.194Z"}
{"level":"info","message":"Server running on port 4003","timestamp":"2025-05-09T20:27:35.215Z"}
{"level":"info","message":"Default Database connection established successfully.","timestamp":"2025-05-09T20:27:42.822Z"}
{"level":"info","message":"Server running on port 4003","timestamp":"2025-05-09T20:27:42.842Z"}
{"level":"error","name":"SequelizeDatabaseError","original":{"code":"ER_BAD_FIELD_ERROR","errno":1054,"sql":"SELECT `id`, `title`, `description`, `due_date`, `status`, `created_by`, `created_at` AS `createdAt`, `updated_at` AS `updatedAt`, `task_id` FROM `tasks` AS `Task` WHERE (`Task`.`created_by` = 1);","sqlMessage":"Unknown column 'task_id' in 'field list'","sqlState":"42S22"},"parameters":{},"parent":{"code":"ER_BAD_FIELD_ERROR","errno":1054,"sql":"SELECT `id`, `title`, `description`, `due_date`, `status`, `created_by`, `created_at` AS `createdAt`, `updated_at` AS `updatedAt`, `task_id` FROM `tasks` AS `Task` WHERE (`Task`.`created_by` = 1);","sqlMessage":"Unknown column 'task_id' in 'field list'","sqlState":"42S22"},"sql":"SELECT `id`, `title`, `description`, `due_date`, `status`, `created_by`, `created_at` AS `createdAt`, `updated_at` AS `updatedAt`, `task_id` FROM `tasks` AS `Task` WHERE (`Task`.`created_by` = 1);","timestamp":"2025-05-09T20:27:44.586Z"}
{"level":"info","message":"Default Database connection established successfully.","timestamp":"2025-05-09T20:27:49.050Z"}
{"level":"info","message":"Server running on port 4003","timestamp":"2025-05-09T20:27:49.065Z"}
{"level":"info","message":"Default Database connection established successfully.","timestamp":"2025-05-09T20:49:58.626Z"}
{"level":"info","message":"Server running on port 4003","timestamp":"2025-05-09T20:49:58.651Z"}
{"level":"info","message":"Default Database connection established successfully.","timestamp":"2025-05-09T20:50:26.336Z"}
{"level":"info","message":"Server running on port 4003","timestamp":"2025-05-09T20:50:26.371Z"}
{"level":"info","message":"Default Database connection established successfully.","timestamp":"2025-05-09T20:50:37.057Z"}
{"level":"info","message":"Server running on port 4003","timestamp":"2025-05-09T20:50:37.075Z"}
{"level":"error","message":"Error: Cannot read properties of undefined (reading 'status')","method":"POST","path":"/tasks/1/users","stack":"TypeError: Cannot read properties of undefined (reading 'status')\n    at exports.assignUsers (/app/src/controllers/task.controller.js:103:27)\n    at process.processTicksAndRejections (node:internal/process/task_queues:95:5)","timestamp":"2025-05-09T20:54:33.811Z"}
{"level":"info","message":"Default Database connection established successfully.","timestamp":"2025-05-09T20:58:11.523Z"}
{"level":"info","message":"Server running on port 4003","timestamp":"2025-05-09T20:58:11.543Z"}
